L 04/29/2010 - 12:05:13: -------- Mapchange to aim_ak-colt --------
L 04/29/2010 - 12:17:19: [mapchooser.amxx] Vote: Voting for the nextmap started
L 04/29/2010 - 12:17:34: [mapchooser.amxx] Vote: Voting for the nextmap finished. The nextmap will be de_airstrip
L 04/29/2010 - 12:17:36: -------- Mapchange to de_airstrip --------
L 04/29/2010 - 12:21:07: -------- Mapchange to aim_ak-colt --------
L 04/29/2010 - 12:29:57: -------- Mapchange to aim_ak-colt --------
L 04/29/2010 - 13:13:30: [mapchooser.amxx] Vote: Voting for the nextmap started
L 04/29/2010 - 13:13:45: [mapchooser.amxx] Vote: Voting for the nextmap finished. Map aim_ak-colt will be extended to next 15 minutes
L 04/29/2010 - 13:19:50: [mapchooser.amxx] Vote: Voting for the nextmap started
L 04/29/2010 - 13:20:05: [mapchooser.amxx] Vote: Voting for the nextmap finished. The nextmap will be de_airstrip
L 04/29/2010 - 13:20:22: -------- Mapchange to de_airstrip --------
L 04/29/2010 - 13:37:22: -------- Mapchange to aim_headshot --------
L 04/29/2010 - 14:15:32: [mapchooser.amxx] Vote: Voting for the nextmap started
L 04/29/2010 - 14:15:48: [mapchooser.amxx] Vote: Voting for the nextmap finished. The nextmap will be de_chateau
L 04/29/2010 - 14:27:03: -------- Mapchange to gg_storm --------
L 04/29/2010 - 14:28:30: -------- Mapchange to gg_16fighter --------
L 04/29/2010 - 14:28:47: -------- Mapchange to gg_crazyjump --------
L 04/29/2010 - 15:12:48: [mapchooser.amxx] Vote: Voting for the nextmap started
L 04/29/2010 - 15:13:03: [mapchooser.amxx] Vote: Voting for the nextmap finished. The nextmap will be cs_estate
L 04/29/2010 - 15:14:59: -------- Mapchange to cs_estate --------
L 04/29/2010 - 15:15:34: -------- Mapchange to gg_bombworld --------
L 04/29/2010 - 15:52:32: [mapchooser.amxx] Vote: Voting for the nextmap started
L 04/29/2010 - 15:52:47: [mapchooser.amxx] Vote: Voting for the nextmap finished. The nextmap will be de_storm
L 04/29/2010 - 15:53:33: -------- Mapchange to de_storm --------
