This is pdfTeX, Version 3.1415926-1.40.10 (MiKTeX 2.8) (preloaded format=pdflatex 2010.6.22)  22 JUN 2010 10:51
entering extended mode
**C:/Documents*and*Settings/aba/My*Documents/2.*sem/P2/Fremlæggelse/Fremlæggels
e/Fremlæggelse.tex

("C:/Documents and Settings/aba/My Documents/2. sem/P2/Fremlæggelse/Fremlæggels
e/Fremlæggelse.tex"
LaTeX2e <2005/12/01>
Babel <v3.8l> and hyphenation patterns for english, dumylang, nohyphenation, ge
rman, ngerman, german-x-2009-06-19, ngerman-x-2009-06-19, french, loaded.

("C:\Documents and Settings\aba\Application Data\MiKTeX\2.8\tex\latex\beamer\ba
se\beamer.cls"
("C:\Documents and Settings\aba\Application Data\MiKTeX\2.8\tex\latex\beamer\ba
se\beamerbasercs.sty"
Package: beamerbasercs 2010/05/01 (rcs-revision efa082c6111d)
)
Document Class: beamer 2010/06/06 development version 3.08 A class for typesett
ing presentations (rcs-revision bff0a9294b45)

("C:\Documents and Settings\aba\Application Data\MiKTeX\2.8\tex\latex\beamer\ba
se\beamerbasemodes.sty"
Package: beamerbasemodes 2010/05/01 (rcs-revision efa082c6111d)
\beamer@tempbox=\box26
\beamer@tempcount=\count79
\c@beamerpauses=\count80

("C:\Documents and Settings\aba\Application Data\MiKTeX\2.8\tex\latex\beamer\ba
se\beamerbasedecode.sty"
Package: beamerbasedecode 2010/05/01 (rcs-revision efa082c6111d)
\beamer@slideinframe=\count81
\beamer@minimum=\count82
)
\beamer@commentbox=\box27
\beamer@modecount=\count83
)
\headheight=\dimen102
\headdp=\dimen103
\footheight=\dimen104
\sidebarheight=\dimen105
\beamer@tempdim=\dimen106
\beamer@finalheight=\dimen107
\beamer@animht=\dimen108
\beamer@animdp=\dimen109
\beamer@animwd=\dimen110
\beamer@leftmargin=\dimen111
\beamer@rightmargin=\dimen112
\beamer@leftsidebar=\dimen113
\beamer@rightsidebar=\dimen114
\beamer@boxsize=\dimen115
\beamer@vboxoffset=\dimen116
\beamer@descdefault=\dimen117
\beamer@descriptionwidth=\dimen118
\beamer@lastskip=\skip41
\beamer@areabox=\box28
\beamer@animcurrent=\box29
\beamer@animshowbox=\box30
\beamer@sectionbox=\box31
\beamer@logobox=\box32
\beamer@linebox=\box33
\beamer@sectioncount=\count84
\beamer@subsubsectionmax=\count85
\beamer@subsectionmax=\count86
\beamer@sectionmax=\count87
\beamer@totalheads=\count88
\beamer@headcounter=\count89
\beamer@partstartpage=\count90
\beamer@sectionstartpage=\count91
\beamer@subsectionstartpage=\count92
\beamer@animationtempa=\count93
\beamer@animationtempb=\count94
\beamer@xpos=\count95
\beamer@ypos=\count96
\beamer@showpartnumber=\count97
\beamer@currentsubsection=\count98
\beamer@coveringdepth=\count99
\beamer@sectionadjust=\count100
\beamer@tocsectionnumber=\count101

("C:\Documents and Settings\aba\Application Data\MiKTeX\2.8\tex\latex\beamer\ba
se\beamerbaseoptions.sty"
Package: beamerbaseoptions 2010/04/27 (rcs-revision 982469101dd6)

("C:\Program Files\MiKTeX 2.8\tex\latex\graphics\keyval.sty"
Package: keyval 1999/03/16 v1.13 key=value parser (DPC)
\KV@toks@=\toks14
))
\beamer@paperwidth=\skip42
\beamer@paperheight=\skip43

("C:\Program Files\MiKTeX 2.8\tex\latex\geometry\geometry.sty"
Package: geometry 2008/12/21 v4.2 Page Geometry

("C:\Program Files\MiKTeX 2.8\tex\generic\oberdiek\ifpdf.sty"
Package: ifpdf 2009/04/10 v2.0 Provides the ifpdf switch (HO)
Package ifpdf Info: pdfTeX in pdf mode detected.
)
("C:\Program Files\MiKTeX 2.8\tex\generic\oberdiek\ifvtex.sty"
Package: ifvtex 2008/11/04 v1.4 Switches for detecting VTeX and its modes (HO)
Package ifvtex Info: VTeX not detected.
)
\Gm@cnth=\count102
\Gm@cntv=\count103
\c@Gm@tempcnt=\count104
\Gm@bindingoffset=\dimen119
\Gm@wd@mp=\dimen120
\Gm@odd@mp=\dimen121
\Gm@even@mp=\dimen122
\Gm@dimlist=\toks15

("C:\Program Files\MiKTeX 2.8\tex\latex\geometry\geometry.cfg"))
("C:\Program Files\MiKTeX 2.8\tex\latex\base\size11.clo"
File: size11.clo 2005/09/16 v1.4f Standard LaTeX file (size option)
)
("C:\Documents and Settings\aba\Application Data\MiKTeX\2.8\tex\latex\pgf\basic
layer\pgfcore.sty" ("C:\Program Files\MiKTeX 2.8\tex\latex\graphics\graphicx.st
y"
Package: graphicx 1999/02/16 v1.0f Enhanced LaTeX Graphics (DPC,SPQR)
 ("C:\Program Files\MiKTeX 2.8\tex\latex\graphics\graphics.sty"
Package: graphics 2006/02/20 v1.0o Standard LaTeX Graphics (DPC,SPQR)

("C:\Program Files\MiKTeX 2.8\tex\latex\graphics\trig.sty"
Package: trig 1999/03/16 v1.09 sin cos tan (DPC)
)
("C:\Program Files\MiKTeX 2.8\tex\latex\00miktex\graphics.cfg"
File: graphics.cfg 2007/01/18 v1.5 graphics configuration of teTeX/TeXLive
)
Package graphics Info: Driver file: pdftex.def on input line 90.

("C:\Program Files\MiKTeX 2.8\tex\latex\pdftex-def\pdftex.def"
File: pdftex.def 2009/08/25 v0.04m Graphics/color for pdfTeX
\Gread@gobject=\count105
))
\Gin@req@height=\dimen123
\Gin@req@width=\dimen124
)
("C:\Documents and Settings\aba\Application Data\MiKTeX\2.8\tex\latex\pgf\syste
mlayer\pgfsys.sty"
("C:\Documents and Settings\aba\Application Data\MiKTeX\2.8\tex\latex\pgf\utili
ties\pgfrcs.sty"
("C:\Documents and Settings\aba\Application Data\MiKTeX\2.8\tex\generic\pgf\uti
lities\pgfutil-common.tex"
\pgfutil@everybye=\toks16
)
("C:\Documents and Settings\aba\Application Data\MiKTeX\2.8\tex\generic\pgf\uti
lities\pgfutil-latex.def")
("C:\Documents and Settings\aba\Application Data\MiKTeX\2.8\tex\generic\pgf\uti
lities\pgfrcs.code.tex"
Package: pgfrcs 2008/02/20 v2.00 (rcs-revision 1.21)
))
("C:\Documents and Settings\aba\Application Data\MiKTeX\2.8\tex\generic\pgf\sys
temlayer\pgfsys.code.tex"
Package: pgfsys 2008/02/07 v2.00 (rcs-revision 1.31)

("C:\Documents and Settings\aba\Application Data\MiKTeX\2.8\tex\generic\pgf\uti
lities\pgfkeys.code.tex"
\pgfkeys@pathtoks=\toks17
\pgfkeys@temptoks=\toks18
)
\pgf@x=\dimen125
\pgf@y=\dimen126
\pgf@xa=\dimen127
\pgf@ya=\dimen128
\pgf@xb=\dimen129
\pgf@yb=\dimen130
\pgf@xc=\dimen131
\pgf@yc=\dimen132
\c@pgf@counta=\count106
\c@pgf@countb=\count107
\c@pgf@countc=\count108
\c@pgf@countd=\count109

("C:\Documents and Settings\aba\Application Data\MiKTeX\2.8\tex\generic\pgf\sys
temlayer\pgf.cfg"
File: pgf.cfg 2008/01/13  (rcs-revision 1.6)
)
Package pgfsys Info: Driver file for pgf: pgfsys-pdftex.def on input line 885.

("C:\Documents and Settings\aba\Application Data\MiKTeX\2.8\tex\generic\pgf\sys
temlayer\pgfsys-pdftex.def"
File: pgfsys-pdftex.def 2007/12/20  (rcs-revision 1.20)

("C:\Documents and Settings\aba\Application Data\MiKTeX\2.8\tex\generic\pgf\sys
temlayer\pgfsys-common-pdf.def"
File: pgfsys-common-pdf.def 2007/12/17  (rcs-revision 1.8)
)))
("C:\Documents and Settings\aba\Application Data\MiKTeX\2.8\tex\generic\pgf\sys
temlayer\pgfsyssoftpath.code.tex"
File: pgfsyssoftpath.code.tex 2008/01/23  (rcs-revision 1.6)
\pgfsyssoftpath@smallbuffer@items=\count110
\pgfsyssoftpath@bigbuffer@items=\count111
)
("C:\Documents and Settings\aba\Application Data\MiKTeX\2.8\tex\generic\pgf\sys
temlayer\pgfsysprotocol.code.tex"
File: pgfsysprotocol.code.tex 2006/10/16  (rcs-revision 1.4)
))
("C:\Documents and Settings\aba\Application Data\MiKTeX\2.8\tex\latex\xcolor\xc
olor.sty"
Package: xcolor 2007/01/21 v2.11 LaTeX color extensions (UK)
 ("C:\Program Files\MiKTeX 2.8\tex\latex\00miktex\color.cfg"
File: color.cfg 2007/01/18 v1.5 color configuration of teTeX/TeXLive
)
Package xcolor Info: Driver file: pdftex.def on input line 225.
Package xcolor Info: Model `cmy' substituted by `cmy0' on input line 1337.
Package xcolor Info: Model `hsb' substituted by `rgb' on input line 1341.
Package xcolor Info: Model `RGB' extended on input line 1353.
Package xcolor Info: Model `HTML' substituted by `rgb' on input line 1355.
Package xcolor Info: Model `Hsb' substituted by `hsb' on input line 1356.
Package xcolor Info: Model `tHsb' substituted by `hsb' on input line 1357.
Package xcolor Info: Model `HSB' substituted by `hsb' on input line 1358.
Package xcolor Info: Model `Gray' substituted by `gray' on input line 1359.
Package xcolor Info: Model `wave' substituted by `hsb' on input line 1360.
)
("C:\Documents and Settings\aba\Application Data\MiKTeX\2.8\tex\generic\pgf\bas
iclayer\pgfcore.code.tex"
Package: pgfcore 2008/01/15 v2.00 (rcs-revision 1.6)

("C:\Documents and Settings\aba\Application Data\MiKTeX\2.8\tex\generic\pgf\mat
h\pgfmath.code.tex"
("C:\Documents and Settings\aba\Application Data\MiKTeX\2.8\tex\generic\pgf\mat
h\pgfmathcalc.code.tex"
("C:\Documents and Settings\aba\Application Data\MiKTeX\2.8\tex\generic\pgf\mat
h\pgfmathutil.code.tex"
\pgfmath@box=\box34
)
("C:\Documents and Settings\aba\Application Data\MiKTeX\2.8\tex\generic\pgf\mat
h\pgfmathparser.code.tex"
\pgfmath@stack=\toks19
\c@pgfmath@parsecounta=\count112
\c@pgfmath@parsecountb=\count113
\c@pgfmath@parsecountc=\count114
\pgfmath@parsex=\dimen133
)
("C:\Documents and Settings\aba\Application Data\MiKTeX\2.8\tex\generic\pgf\mat
h\pgfmathoperations.code.tex"
("C:\Documents and Settings\aba\Application Data\MiKTeX\2.8\tex\generic\pgf\mat
h\pgfmathtrig.code.tex")
("C:\Documents and Settings\aba\Application Data\MiKTeX\2.8\tex\generic\pgf\mat
h\pgfmathrnd.code.tex"))
("C:\Documents and Settings\aba\Application Data\MiKTeX\2.8\tex\generic\pgf\mat
h\pgfmathbase.code.tex")))
("C:\Documents and Settings\aba\Application Data\MiKTeX\2.8\tex\generic\pgf\bas
iclayer\pgfcorepoints.code.tex"
File: pgfcorepoints.code.tex 2008/02/03  (rcs-revision 1.13)
\pgf@picminx=\dimen134
\pgf@picmaxx=\dimen135
\pgf@picminy=\dimen136
\pgf@picmaxy=\dimen137
\pgf@pathminx=\dimen138
\pgf@pathmaxx=\dimen139
\pgf@pathminy=\dimen140
\pgf@pathmaxy=\dimen141
\pgf@xx=\dimen142
\pgf@xy=\dimen143
\pgf@yx=\dimen144
\pgf@yy=\dimen145
\pgf@zx=\dimen146
\pgf@zy=\dimen147
)
("C:\Documents and Settings\aba\Application Data\MiKTeX\2.8\tex\generic\pgf\bas
iclayer\pgfcorepathconstruct.code.tex"
File: pgfcorepathconstruct.code.tex 2008/02/13  (rcs-revision 1.14)
\pgf@path@lastx=\dimen148
\pgf@path@lasty=\dimen149
)
("C:\Documents and Settings\aba\Application Data\MiKTeX\2.8\tex\generic\pgf\bas
iclayer\pgfcorepathusage.code.tex"
File: pgfcorepathusage.code.tex 2008/01/23  (rcs-revision 1.11)
\pgf@shorten@end@additional=\dimen150
\pgf@shorten@start@additional=\dimen151
)
("C:\Documents and Settings\aba\Application Data\MiKTeX\2.8\tex\generic\pgf\bas
iclayer\pgfcorescopes.code.tex"
File: pgfcorescopes.code.tex 2008/01/15  (rcs-revision 1.26)
\pgfpic=\box35
\pgf@hbox=\box36
\pgf@layerbox@main=\box37
\pgf@picture@serial@count=\count115
)
("C:\Documents and Settings\aba\Application Data\MiKTeX\2.8\tex\generic\pgf\bas
iclayer\pgfcoregraphicstate.code.tex"
File: pgfcoregraphicstate.code.tex 2007/12/12  (rcs-revision 1.8)
\pgflinewidth=\dimen152
)
("C:\Documents and Settings\aba\Application Data\MiKTeX\2.8\tex\generic\pgf\bas
iclayer\pgfcoretransformations.code.tex"
File: pgfcoretransformations.code.tex 2008/02/04  (rcs-revision 1.10)
\pgf@pt@x=\dimen153
\pgf@pt@y=\dimen154
\pgf@pt@temp=\dimen155
)
("C:\Documents and Settings\aba\Application Data\MiKTeX\2.8\tex\generic\pgf\bas
iclayer\pgfcorequick.code.tex"
File: pgfcorequick.code.tex 2006/10/11  (rcs-revision 1.2)
)
("C:\Documents and Settings\aba\Application Data\MiKTeX\2.8\tex\generic\pgf\bas
iclayer\pgfcoreobjects.code.tex"
File: pgfcoreobjects.code.tex 2006/10/11  (rcs-revision 1.2)
)
("C:\Documents and Settings\aba\Application Data\MiKTeX\2.8\tex\generic\pgf\bas
iclayer\pgfcorepathprocessing.code.tex"
File: pgfcorepathprocessing.code.tex 2008/01/23  (rcs-revision 1.7)
)
("C:\Documents and Settings\aba\Application Data\MiKTeX\2.8\tex\generic\pgf\bas
iclayer\pgfcorearrows.code.tex"
File: pgfcorearrows.code.tex 2007/06/07  (rcs-revision 1.8)
)
("C:\Documents and Settings\aba\Application Data\MiKTeX\2.8\tex\generic\pgf\bas
iclayer\pgfcoreshade.code.tex"
File: pgfcoreshade.code.tex 2007/12/10  (rcs-revision 1.9)
\pgf@max=\dimen156
\pgf@sys@shading@range@num=\count116
)
("C:\Documents and Settings\aba\Application Data\MiKTeX\2.8\tex\generic\pgf\bas
iclayer\pgfcoreimage.code.tex"
File: pgfcoreimage.code.tex 2008/01/15  (rcs-revision 1.1)
\pgfexternal@startupbox=\box38
)
("C:\Documents and Settings\aba\Application Data\MiKTeX\2.8\tex\generic\pgf\bas
iclayer\pgfcorelayers.code.tex"
File: pgfcorelayers.code.tex 2008/01/15  (rcs-revision 1.1)
)
("C:\Documents and Settings\aba\Application Data\MiKTeX\2.8\tex\generic\pgf\bas
iclayer\pgfcoretransparency.code.tex"
File: pgfcoretransparency.code.tex 2008/01/17  (rcs-revision 1.2)
)
("C:\Documents and Settings\aba\Application Data\MiKTeX\2.8\tex\generic\pgf\bas
iclayer\pgfcorepatterns.code.tex"
File: pgfcorepatterns.code.tex 2008/01/15  (rcs-revision 1.1)
)))
("C:\Documents and Settings\aba\Application Data\MiKTeX\2.8\tex\latex\pgf\basic
layer\pgfbaseimage.sty"

Package pgf Warning: This package is obsolete and no longer needed on input lin
e 13.

)
("C:\Documents and Settings\aba\Application Data\MiKTeX\2.8\tex\latex\pgf\utili
ties\xxcolor.sty"
Package: xxcolor 2003/10/24 ver 0.1
\XC@nummixins=\count117
\XC@countmixins=\count118
) ("C:\Program Files\MiKTeX 2.8\tex\latex\hyperref\hyperref.sty"
Package: hyperref 2009/09/23 v6.78v Hypertext links for LaTeX
 ("C:\Program Files\MiKTeX 2.8\tex\latex\ifxetex\ifxetex.sty"
Package: ifxetex 2009/01/23 v0.5 Provides ifxetex conditional
)
("C:\Program Files\MiKTeX 2.8\tex\latex\oberdiek\hycolor.sty"
Package: hycolor 2008/09/08 v1.4 Code for color options of hyperref/bookmark (H
O)

("C:\Program Files\MiKTeX 2.8\tex\latex\oberdiek\xcolor-patch.sty"
Package: xcolor-patch 2008/09/08 xcolor patch
))
\@linkdim=\dimen157
\Hy@linkcounter=\count119
\Hy@pagecounter=\count120

("C:\Program Files\MiKTeX 2.8\tex\latex\hyperref\pd1enc.def"
File: pd1enc.def 2009/09/23 v6.78v Hyperref: PDFDocEncoding definition (HO)
)
("C:\Program Files\MiKTeX 2.8\tex\generic\oberdiek\etexcmds.sty"
Package: etexcmds 2007/12/12 v1.2 Prefix for e-TeX command names (HO)

("C:\Program Files\MiKTeX 2.8\tex\generic\oberdiek\infwarerr.sty"
Package: infwarerr 2007/09/09 v1.2 Providing info/warning/message (HO)
)
Package etexcmds Info: Could not find \expanded.
(etexcmds)             That can mean that you are not using pdfTeX 1.50 or
(etexcmds)             that some package has redefined \expanded.
(etexcmds)             In the latter case, load this package earlier.
)
("C:\Program Files\MiKTeX 2.8\tex\latex\00miktex\hyperref.cfg"
File: hyperref.cfg 2002/06/06 v1.2 hyperref configuration of TeXLive
)
("C:\Program Files\MiKTeX 2.8\tex\latex\oberdiek\kvoptions.sty"
Package: kvoptions 2009/08/13 v3.4 Keyval support for LaTeX options (HO)

("C:\Program Files\MiKTeX 2.8\tex\generic\oberdiek\kvsetkeys.sty"
Package: kvsetkeys 2009/07/30 v1.5 Key value parser with default handler suppor
t (HO)
))
Package hyperref Info: Option `bookmarks' set `true' on input line 2864.
Package hyperref Info: Option `bookmarksopen' set `true' on input line 2864.
Package hyperref Info: Option `implicit' set `false' on input line 2864.
Package hyperref Info: Hyper figures OFF on input line 2975.
Package hyperref Info: Link nesting OFF on input line 2980.
Package hyperref Info: Hyper index ON on input line 2983.
Package hyperref Info: Plain pages OFF on input line 2990.
Package hyperref Info: Backreferencing OFF on input line 2995.

Implicit mode OFF; no redefinition of LaTeX internals
Package hyperref Info: Bookmarks ON on input line 3191.
("C:\Program Files\MiKTeX 2.8\tex\latex\ltxmisc\url.sty"
\Urlmuskip=\muskip10
Package: url 2006/04/12  ver 3.3  Verb mode for urls, etc.
)
LaTeX Info: Redefining \url on input line 3428.

("C:\Program Files\MiKTeX 2.8\tex\generic\oberdiek\bitset.sty"
Package: bitset 2007/09/28 v1.0 Data type bit set (HO)

("C:\Program Files\MiKTeX 2.8\tex\generic\oberdiek\intcalc.sty"
Package: intcalc 2007/09/27 v1.1 Expandable integer calculations (HO)
)
("C:\Program Files\MiKTeX 2.8\tex\generic\oberdiek\bigintcalc.sty"
Package: bigintcalc 2007/11/11 v1.1 Expandable big integer calculations (HO)

("C:\Program Files\MiKTeX 2.8\tex\generic\oberdiek\pdftexcmds.sty"
Package: pdftexcmds 2009/09/23 v0.6 LuaTeX support for pdfTeX utility functions
 (HO)

("C:\Program Files\MiKTeX 2.8\tex\generic\oberdiek\ifluatex.sty"
Package: ifluatex 2009/04/17 v1.2 Provides the ifluatex switch (HO)
Package ifluatex Info: LuaTeX not detected.
)
("C:\Program Files\MiKTeX 2.8\tex\generic\oberdiek\ltxcmds.sty"
Package: ltxcmds 2009/08/05 v1.0 Some LaTeX kernel commands for general use (HO
)
)
Package pdftexcmds Info: LuaTeX not detected.
Package pdftexcmds Info: \pdf@primitive is available.
Package pdftexcmds Info: \pdf@ifprimitive is available.
)))
\Fld@menulength=\count121
\Field@Width=\dimen158
\Fld@charsize=\dimen159
\Field@toks=\toks20
Package hyperref Info: Hyper figures OFF on input line 4346.
Package hyperref Info: Link nesting OFF on input line 4351.
Package hyperref Info: Hyper index ON on input line 4354.
Package hyperref Info: backreferencing OFF on input line 4361.
Package hyperref Info: Link coloring OFF on input line 4366.
Package hyperref Info: Link coloring with OCG OFF on input line 4371.
Package hyperref Info: PDF/A mode OFF on input line 4376.

("C:\Program Files\MiKTeX 2.8\tex\generic\oberdiek\atbegshi.sty"
Package: atbegshi 2008/07/31 v1.9 At begin shipout hook (HO)
)
\Hy@abspage=\count122

Hyperref stopped early
)
*hyperref using default driver hpdftex*
("C:\Program Files\MiKTeX 2.8\tex\latex\hyperref\hpdftex.def"
File: hpdftex.def 2009/09/23 v6.78v Hyperref driver for pdfTeX
\Fld@listcount=\count123
)
("C:\Documents and Settings\aba\Application Data\MiKTeX\2.8\tex\latex\beamer\ba
se\beamerbaserequires.sty"
Package: beamerbaserequires 2010/05/01  (rcs-revision efa082c6111d)

("C:\Documents and Settings\aba\Application Data\MiKTeX\2.8\tex\latex\beamer\ba
se\beamerbasecompatibility.sty"
Package: beamerbasecompatibility 2010/05/01  (rcs-revision efa082c6111d)
)
("C:\Documents and Settings\aba\Application Data\MiKTeX\2.8\tex\latex\beamer\ba
se\beamerbasefont.sty"
Package: beamerbasefont 2010/05/10  (rcs-revision cd36e8a33c6b)

("C:\Program Files\MiKTeX 2.8\tex\latex\amsfonts\amssymb.sty"
Package: amssymb 2009/06/22 v3.00

("C:\Program Files\MiKTeX 2.8\tex\latex\amsfonts\amsfonts.sty"
Package: amsfonts 2009/06/22 v3.00 Basic AMSFonts support
\@emptytoks=\toks21
\symAMSa=\mathgroup4
\symAMSb=\mathgroup5
LaTeX Font Info:    Overwriting math alphabet `\mathfrak' in version `bold'
(Font)                  U/euf/m/n --> U/euf/b/n on input line 96.
)))
("C:\Documents and Settings\aba\Application Data\MiKTeX\2.8\tex\latex\beamer\ba
se\beamerbasetranslator.sty"
Package: beamerbasetranslator 2010/06/11  (rcs-revision 85fd1cc7fc42)

("C:\Documents and Settings\aba\Application Data\MiKTeX\2.8\tex\latex\beamer\ex
tensions\translator\translator.sty"
Package: translator 2010/06/11 ver 1.09

("C:\Documents and Settings\aba\Application Data\MiKTeX\2.8\tex\latex\beamer\ex
tensions\translator\translator-language-mappings.tex")))
("C:\Documents and Settings\aba\Application Data\MiKTeX\2.8\tex\latex\beamer\ba
se\beamerbasemisc.sty"
Package: beamerbasemisc 2010/06/06  (rcs-revision bff0a9294b45)
)
("C:\Documents and Settings\aba\Application Data\MiKTeX\2.8\tex\latex\beamer\ba
se\beamerbasetwoscreens.sty"
Package: beamerbasetwoscreens 2010/05/01  (rcs-revision efa082c6111d)
)
("C:\Documents and Settings\aba\Application Data\MiKTeX\2.8\tex\latex\beamer\ba
se\beamerbaseoverlay.sty"
Package: beamerbaseoverlay 2010/05/07  (rcs-revision 5584dad462a9)
\beamer@argscount=\count124
\beamer@lastskipcover=\skip44
\beamer@trivlistdepth=\count125
)
("C:\Documents and Settings\aba\Application Data\MiKTeX\2.8\tex\latex\beamer\ba
se\beamerbasetitle.sty"
Package: beamerbasetitle 2010/06/12  (rcs-revision 717e481ca47a)
)
("C:\Documents and Settings\aba\Application Data\MiKTeX\2.8\tex\latex\beamer\ba
se\beamerbasesection.sty"
Package: beamerbasesection 2010/06/12  (rcs-revision 717e481ca47a)
\c@lecture=\count126
\c@part=\count127
\c@section=\count128
\c@subsection=\count129
\c@subsubsection=\count130
)
("C:\Documents and Settings\aba\Application Data\MiKTeX\2.8\tex\latex\beamer\ba
se\beamerbaseframe.sty"
Package: beamerbaseframe 2010/06/06  (rcs-revision bff0a9294b45)
\beamer@framebox=\box39
\beamer@frametitlebox=\box40
\beamer@zoombox=\box41
\beamer@zoomcount=\count131
\beamer@zoomframecount=\count132
\beamer@frametextheight=\dimen160
\c@subsectionslide=\count133
\beamer@frametopskip=\skip45
\beamer@framebottomskip=\skip46
\beamer@frametopskipautobreak=\skip47
\beamer@framebottomskipautobreak=\skip48
\beamer@envbody=\toks22
\c@framenumber=\count134
)
("C:\Documents and Settings\aba\Application Data\MiKTeX\2.8\tex\latex\beamer\ba
se\beamerbaseverbatim.sty"
Package: beamerbaseverbatim 2010/05/01  (rcs-revision efa082c6111d)
\beamer@verbatimfileout=\write3
)
("C:\Documents and Settings\aba\Application Data\MiKTeX\2.8\tex\latex\beamer\ba
se\beamerbaseframesize.sty"
Package: beamerbaseframesize 2010/05/01  (rcs-revision efa082c6111d)
\beamer@splitbox=\box42
\beamer@autobreakcount=\count135
\beamer@autobreaklastheight=\dimen161
\beamer@frametitletoks=\toks23
\beamer@framesubtitletoks=\toks24
)
("C:\Documents and Settings\aba\Application Data\MiKTeX\2.8\tex\latex\beamer\ba
se\beamerbaseframecomponents.sty"
Package: beamerbaseframecomponents 2010/05/01  (rcs-revision efa082c6111d)
\beamer@footins=\box43
)
("C:\Documents and Settings\aba\Application Data\MiKTeX\2.8\tex\latex\beamer\ba
se\beamerbasecolor.sty"
Package: beamerbasecolor 2010/06/06  (rcs-revision d1a9b48be06d)
)
("C:\Documents and Settings\aba\Application Data\MiKTeX\2.8\tex\latex\beamer\ba
se\beamerbasenotes.sty"
Package: beamerbasenotes 2010/05/01  (rcs-revision efa082c6111d)
\beamer@frameboxcopy=\box44
)
("C:\Documents and Settings\aba\Application Data\MiKTeX\2.8\tex\latex\beamer\ba
se\beamerbasetoc.sty"
Package: beamerbasetoc 2010/06/11  (rcs-revision 242ecaa6783b)
)
("C:\Documents and Settings\aba\Application Data\MiKTeX\2.8\tex\latex\beamer\ba
se\beamerbasetemplates.sty"
Package: beamerbasetemplates 2010/05/01  (rcs-revision efa082c6111d)
\beamer@sbttoks=\toks25

("C:\Documents and Settings\aba\Application Data\MiKTeX\2.8\tex\latex\beamer\ba
se\beamerbaseauxtemplates.sty"
Package: beamerbaseauxtemplates 2010/05/01  (rcs-revision efa082c6111d)

("C:\Documents and Settings\aba\Application Data\MiKTeX\2.8\tex\latex\beamer\ba
se\beamerbaseboxes.sty"
Package: beamerbaseboxes 2010/05/01  (rcs-revision efa082c6111d)
\bmb@box=\box45
\bmb@colorbox=\box46
\bmb@boxshadow=\box47
\bmb@boxshadowball=\box48
\bmb@boxshadowballlarge=\box49
\bmb@temp=\dimen162
\bmb@dima=\dimen163
\bmb@dimb=\dimen164
\bmb@prevheight=\dimen165
)
\beamer@blockheadheight=\dimen166
))
("C:\Documents and Settings\aba\Application Data\MiKTeX\2.8\tex\latex\beamer\ba
se\beamerbaselocalstructure.sty"
Package: beamerbaselocalstructure 2010/06/01  (rcs-revision 81f9e33f7cc2)

("C:\Program Files\MiKTeX 2.8\tex\latex\tools\enumerate.sty"
Package: enumerate 1999/03/05 v3.00 enumerate extensions (DPC)
\@enLab=\toks26
)
\c@figure=\count136
\c@table=\count137
\abovecaptionskip=\skip49
\belowcaptionskip=\skip50
)
("C:\Documents and Settings\aba\Application Data\MiKTeX\2.8\tex\latex\beamer\ba
se\beamerbasenavigation.sty"
Package: beamerbasenavigation 2010/05/01  (rcs-revision efa082c6111d)
)
("C:\Documents and Settings\aba\Application Data\MiKTeX\2.8\tex\latex\beamer\ba
se\beamerbasetheorems.sty"
Package: beamerbasetheorems 2010/06/06  (rcs-revision 7e7cc5e53e9d)

("C:\Program Files\MiKTeX 2.8\tex\latex\ams\math\amsmath.sty"
Package: amsmath 2000/07/18 v2.13 AMS math features
\@mathmargin=\skip51

For additional information on amsmath, use the `?' option.
("C:\Program Files\MiKTeX 2.8\tex\latex\ams\math\amstext.sty"
Package: amstext 2000/06/29 v2.01

("C:\Program Files\MiKTeX 2.8\tex\latex\ams\math\amsgen.sty"
File: amsgen.sty 1999/11/30 v2.0
\@emptytoks=\toks27
\ex@=\dimen167
))
("C:\Program Files\MiKTeX 2.8\tex\latex\ams\math\amsbsy.sty"
Package: amsbsy 1999/11/29 v1.2d
\pmbraise@=\dimen168
)
("C:\Program Files\MiKTeX 2.8\tex\latex\ams\math\amsopn.sty"
Package: amsopn 1999/12/14 v2.01 operator names
)
\inf@bad=\count138
LaTeX Info: Redefining \frac on input line 211.
\uproot@=\count139
\leftroot@=\count140
LaTeX Info: Redefining \overline on input line 307.
\classnum@=\count141
\DOTSCASE@=\count142
LaTeX Info: Redefining \ldots on input line 379.
LaTeX Info: Redefining \dots on input line 382.
LaTeX Info: Redefining \cdots on input line 467.
\Mathstrutbox@=\box50
\strutbox@=\box51
\big@size=\dimen169
LaTeX Font Info:    Redeclaring font encoding OML on input line 567.
LaTeX Font Info:    Redeclaring font encoding OMS on input line 568.
\macc@depth=\count143
\c@MaxMatrixCols=\count144
\dotsspace@=\muskip11
\c@parentequation=\count145
\dspbrk@lvl=\count146
\tag@help=\toks28
\row@=\count147
\column@=\count148
\maxfields@=\count149
\andhelp@=\toks29
\eqnshift@=\dimen170
\alignsep@=\dimen171
\tagshift@=\dimen172
\tagwidth@=\dimen173
\totwidth@=\dimen174
\lineht@=\dimen175
\@envbody=\toks30
\multlinegap=\skip52
\multlinetaggap=\skip53
\mathdisplay@stack=\toks31
LaTeX Info: Redefining \[ on input line 2666.
LaTeX Info: Redefining \] on input line 2667.
)
("C:\Program Files\MiKTeX 2.8\tex\latex\ams\classes\amsthm.sty"
Package: amsthm 2004/08/06 v2.20
\thm@style=\toks32
\thm@bodyfont=\toks33
\thm@headfont=\toks34
\thm@notefont=\toks35
\thm@headpunct=\toks36
\thm@preskip=\skip54
\thm@postskip=\skip55
\thm@headsep=\skip56
\dth@everypar=\toks37
)
\c@theorem=\count150
)
("C:\Documents and Settings\aba\Application Data\MiKTeX\2.8\tex\latex\beamer\ba
se\beamerbasethemes.sty"
Package: beamerbasethemes 2010/05/01  (rcs-revision efa082c6111d)
))
("C:\Documents and Settings\aba\Application Data\MiKTeX\2.8\tex\latex\beamer\th
emes\theme\beamerthemedefault.sty"
Package: beamerthemedefault 2010/04/23  (rcs-revision 25f85d59db1e)

("C:\Documents and Settings\aba\Application Data\MiKTeX\2.8\tex\latex\beamer\th
emes\font\beamerfontthemedefault.sty"
Package: beamerfontthemedefault 2010/06/12  (rcs-revision 717e481ca47a)
)
("C:\Documents and Settings\aba\Application Data\MiKTeX\2.8\tex\latex\beamer\th
emes\color\beamercolorthemedefault.sty"
Package: beamercolorthemedefault 2010/06/12  (rcs-revision 717e481ca47a)
)
("C:\Documents and Settings\aba\Application Data\MiKTeX\2.8\tex\latex\beamer\th
emes\inner\beamerinnerthemedefault.sty"
Package: beamerinnerthemedefault 2010/06/12  (rcs-revision 717e481ca47a)
\beamer@dima=\dimen176
\beamer@dimb=\dimen177
)
("C:\Documents and Settings\aba\Application Data\MiKTeX\2.8\tex\latex\beamer\th
emes\outer\beamerouterthemedefault.sty"
Package: beamerouterthemedefault 2010/04/23  (rcs-revision 25f85d59db1e)
)))
("C:\Documents and Settings\aba\Application Data\MiKTeX\2.8\tex\latex\beamer\th
emes\theme\beamerthemeMarburg.sty"
Package: beamerthemeMarburg 2010/04/23  (rcs-revision 25f85d59db1e)

("C:\Documents and Settings\aba\Application Data\MiKTeX\2.8\tex\latex\beamer\th
emes\color\beamercolorthemewhale.sty"
Package: beamercolorthemewhale 2010/04/23  (rcs-revision 25f85d59db1e)
)
("C:\Documents and Settings\aba\Application Data\MiKTeX\2.8\tex\latex\beamer\th
emes\outer\beamerouterthemesidebar.sty"
Package: beamerouterthemesidebar 2010/04/27  (rcs-revision 982469101dd6)
\beamer@sidebarwidth=\dimen178
\beamer@headheight=\dimen179
))
("C:\Program Files\MiKTeX 2.8\tex\latex\base\inputenc.sty"
Package: inputenc 2006/05/05 v1.1b Input encoding file
\inpenc@prehook=\toks38
\inpenc@posthook=\toks39

("C:\Program Files\MiKTeX 2.8\tex\latex\base\latin1.def"
File: latin1.def 2006/05/05 v1.1b Input encoding file
))
("C:\Program Files\MiKTeX 2.8\tex\generic\babel\babel.sty"
Package: babel 2008/07/06 v3.8l The Babel package

*************************************
* Local config file bblopts.cfg used
*
("C:\Program Files\MiKTeX 2.8\tex\latex\00miktex\bblopts.cfg"
File: bblopts.cfg 2006/07/31 v1.0 MiKTeX 'babel' configuration
)
("C:\Program Files\MiKTeX 2.8\tex\generic\babel\Danish.ldf"
Language: danish 2009/09/19 v1.3r Danish support from the babel system

("C:\Program Files\MiKTeX 2.8\tex\generic\babel\babel.def"
File: babel.def 2008/07/06 v3.8l Babel common definitions
LaTeX Info: Redefining \textlatin on input line 82.
\babel@savecnt=\count151
\U@D=\dimen180
)

Package babel Warning: No hyphenation patterns were loaded for
(babel)                the language `Danish'
(babel)                I will use the patterns loaded for \language=0 instead.

\l@danish = a dialect from \language0
Package babel Info: Making " an active character on input line 82.
))
("C:\Documents and Settings\aba\My Documents\2. sem\P2\Fremlæggelse\Fremlæggels
e\Fremlæggelse.aux"
("C:\Documents and Settings\aba\My Documents\2. sem\P2\Fremlæggelse\Fremlæggels
e\input/frontpage.aux")
("C:\Documents and Settings\aba\My Documents\2. sem\P2\Fremlæggelse\Fremlæggels
e\input/introduktion.aux"))
LaTeX Font Info:    Checking defaults for OML/cmm/m/it on input line 13.
LaTeX Font Info:    ... okay on input line 13.
LaTeX Font Info:    Checking defaults for T1/cmr/m/n on input line 13.
LaTeX Font Info:    ... okay on input line 13.
LaTeX Font Info:    Checking defaults for OT1/cmr/m/n on input line 13.
LaTeX Font Info:    ... okay on input line 13.
LaTeX Font Info:    Checking defaults for OMS/cmsy/m/n on input line 13.
LaTeX Font Info:    ... okay on input line 13.
LaTeX Font Info:    Checking defaults for OMX/cmex/m/n on input line 13.
LaTeX Font Info:    ... okay on input line 13.
LaTeX Font Info:    Checking defaults for U/cmr/m/n on input line 13.
LaTeX Font Info:    ... okay on input line 13.
LaTeX Font Info:    Checking defaults for PD1/pdf/m/n on input line 13.
LaTeX Font Info:    ... okay on input line 13.

*geometry auto-detecting driver*
*geometry detected driver: pdftex*
-------------------- Geometry parameters
paper: user defined
landscape: --
twocolumn: --
twoside: --
asymmetric: --
h-parts: 14.22636pt, 278.83713pt, 71.13187pt
v-parts: 0.0pt, 273.14662pt, 0.0pt
hmarginratio: --
vmarginratio: --
lines: --
heightrounded: --
bindingoffset: 0.0pt
truedimen: --
includehead: true
includefoot: true
includemp: --
driver: pdftex
-------------------- Page layout dimensions and switches
\paperwidth  364.19536pt
\paperheight 273.14662pt
\textwidth  278.83713pt
\textheight 244.6939pt
\oddsidemargin  -58.04362pt
\evensidemargin -58.04362pt
\topmargin  -72.26999pt
\headheight 14.22636pt
\headsep    0.0pt
\footskip   14.22636pt
\marginparwidth 4.0pt
\marginparsep   10.0pt
\columnsep  10.0pt
\skip\footins  10.0pt plus 4.0pt minus 2.0pt
\hoffset 0.0pt
\voffset 0.0pt
\mag 1000

(1in=72.27pt, 1cm=28.45pt)
-----------------------
("C:\Program Files\MiKTeX 2.8\tex\context\base\supp-pdf.tex"
[Loading MPS to PDF converter (version 2006.09.02).]
\scratchcounter=\count152
\scratchdimen=\dimen181
\scratchbox=\box52
\nofMPsegments=\count153
\nofMParguments=\count154
\everyMPshowfont=\toks40
\MPscratchCnt=\count155
\MPscratchDim=\dimen182
\MPnumerator=\count156
\everyMPtoPDFconversion=\toks41
)
Package hyperref Info: Link coloring OFF on input line 13.
 ("C:\Program Files\MiKTeX 2.8\tex\latex\hyperref\nameref.sty"
Package: nameref 2007/05/29 v2.31 Cross-referencing by name of section

("C:\Program Files\MiKTeX 2.8\tex\latex\oberdiek\refcount.sty"
Package: refcount 2008/08/11 v3.1 Data extraction from references (HO)
)
\c@section@level=\count157
)
LaTeX Info: Redefining \ref on input line 13.
LaTeX Info: Redefining \pageref on input line 13.

("C:\Documents and Settings\aba\My Documents\2. sem\P2\Fremlæggelse\Fremlæggels
e\Fremlæggelse.out")
("C:\Documents and Settings\aba\My Documents\2. sem\P2\Fremlæggelse\Fremlæggels
e\Fremlæggelse.out")
\@outlinefile=\write4
\AtBeginShipoutBox=\box53
LaTeX Font Info:    Overwriting symbol font `operators' in version `normal'
(Font)                  OT1/cmr/m/n --> OT1/cmss/m/n on input line 13.
LaTeX Font Info:    Overwriting symbol font `operators' in version `bold'
(Font)                  OT1/cmr/bx/n --> OT1/cmss/bx/n on input line 13.
\symnumbers=\mathgroup6
\sympureletters=\mathgroup7
LaTeX Font Info:    Overwriting math alphabet `\mathrm' in version `normal'
(Font)                  OT1/cmss/m/n --> OT1/cmr/m/n on input line 13.
LaTeX Font Info:    Redeclaring math alphabet \mathbf on input line 13.
LaTeX Font Info:    Overwriting math alphabet `\mathbf' in version `normal'
(Font)                  OT1/cmr/bx/n --> OT1/cmss/bx/n on input line 13.
LaTeX Font Info:    Overwriting math alphabet `\mathbf' in version `bold'
(Font)                  OT1/cmr/bx/n --> OT1/cmss/bx/n on input line 13.
LaTeX Font Info:    Redeclaring math alphabet \mathsf on input line 13.
LaTeX Font Info:    Overwriting math alphabet `\mathsf' in version `normal'
(Font)                  OT1/cmss/m/n --> OT1/cmss/m/n on input line 13.
LaTeX Font Info:    Overwriting math alphabet `\mathsf' in version `bold'
(Font)                  OT1/cmss/bx/n --> OT1/cmss/m/n on input line 13.
LaTeX Font Info:    Redeclaring math alphabet \mathit on input line 13.
LaTeX Font Info:    Overwriting math alphabet `\mathit' in version `normal'
(Font)                  OT1/cmr/m/it --> OT1/cmss/m/it on input line 13.
LaTeX Font Info:    Overwriting math alphabet `\mathit' in version `bold'
(Font)                  OT1/cmr/bx/it --> OT1/cmss/m/it on input line 13.
LaTeX Font Info:    Redeclaring math alphabet \mathtt on input line 13.
LaTeX Font Info:    Overwriting math alphabet `\mathtt' in version `normal'
(Font)                  OT1/cmtt/m/n --> OT1/cmtt/m/n on input line 13.
LaTeX Font Info:    Overwriting math alphabet `\mathtt' in version `bold'
(Font)                  OT1/cmtt/m/n --> OT1/cmtt/m/n on input line 13.
LaTeX Font Info:    Overwriting symbol font `numbers' in version `bold'
(Font)                  OT1/cmss/m/n --> OT1/cmss/bx/n on input line 13.
LaTeX Font Info:    Overwriting symbol font `pureletters' in version `bold'
(Font)                  OT1/cmss/m/it --> OT1/cmss/bx/it on input line 13.
LaTeX Font Info:    Overwriting math alphabet `\mathrm' in version `bold'
(Font)                  OT1/cmss/bx/n --> OT1/cmr/bx/n on input line 13.
LaTeX Font Info:    Overwriting math alphabet `\mathbf' in version `bold'
(Font)                  OT1/cmss/bx/n --> OT1/cmss/bx/n on input line 13.
LaTeX Font Info:    Overwriting math alphabet `\mathsf' in version `bold'
(Font)                  OT1/cmss/m/n --> OT1/cmss/bx/n on input line 13.
LaTeX Font Info:    Overwriting math alphabet `\mathit' in version `bold'
(Font)                  OT1/cmss/m/it --> OT1/cmss/bx/it on input line 13.
LaTeX Font Info:    Overwriting math alphabet `\mathtt' in version `bold'
(Font)                  OT1/cmtt/m/n --> OT1/cmtt/bx/n on input line 13.

("C:\Documents and Settings\aba\Application Data\MiKTeX\2.8\tex\latex\beamer\ex
tensions\translator\dicts\translator-basic-dictionary\translator-basic-dictiona
ry-English.dict"
Dictionary: translator-basic-dictionary, Language: English 
)
("C:\Documents and Settings\aba\Application Data\MiKTeX\2.8\tex\latex\beamer\ex
tensions\translator\dicts\translator-bibliography-dictionary\translator-bibliog
raphy-dictionary-English.dict"
Dictionary: translator-bibliography-dictionary, Language: English 
)
("C:\Documents and Settings\aba\Application Data\MiKTeX\2.8\tex\latex\beamer\ex
tensions\translator\dicts\translator-environment-dictionary\translator-environm
ent-dictionary-English.dict"
Dictionary: translator-environment-dictionary, Language: English 
)
("C:\Documents and Settings\aba\Application Data\MiKTeX\2.8\tex\latex\beamer\ex
tensions\translator\dicts\translator-months-dictionary\translator-months-dictio
nary-English.dict"
Dictionary: translator-months-dictionary, Language: English 
)
("C:\Documents and Settings\aba\Application Data\MiKTeX\2.8\tex\latex\beamer\ex
tensions\translator\dicts\translator-numbers-dictionary\translator-numbers-dict
ionary-English.dict"
Dictionary: translator-numbers-dictionary, Language: English 
)
("C:\Documents and Settings\aba\Application Data\MiKTeX\2.8\tex\latex\beamer\ex
tensions\translator\dicts\translator-theorem-dictionary\translator-theorem-dict
ionary-English.dict"
Dictionary: translator-theorem-dictionary, Language: English 
)
("C:\Documents and Settings\aba\My Documents\2. sem\P2\Fremlæggelse\Fremlæggels
e\Fremlæggelse.nav")
("C:\Documents and Settings\aba\My Documents\2. sem\P2\Fremlæggelse\Fremlæggels
e\input/frontpage.tex"

LaTeX Font Warning: Font shape `OT1/cmss/m/n' in size <4> not available
(Font)              size <5> substituted on input line 4.

[1{C:/Documents and Settings/aba/Local Settings/Application Data/MiKTeX/2.8/pdf
tex/config/pdftex.map}


])
("C:\Documents and Settings\aba\My Documents\2. sem\P2\Fremlæggelse\Fremlæggels
e\input/introduktion.tex"
LaTeX Font Info:    Try loading font information for U+msa on input line 10.

("C:\Program Files\MiKTeX 2.8\tex\latex\amsfonts\umsa.fd"
File: umsa.fd 2009/06/22 v3.00 AMS symbols A
)
LaTeX Font Info:    Try loading font information for U+msb on input line 10.

("C:\Program Files\MiKTeX 2.8\tex\latex\amsfonts\umsb.fd"
File: umsb.fd 2009/06/22 v3.00 AMS symbols B
) [2



]
<input/pics/rubiks-cube.jpg, id=94, 351.3125pt x 351.3125pt>
File: input/pics/rubiks-cube.jpg Graphic file (type jpg)

<use input/pics/rubiks-cube.jpg> [3

 <C:/Documents and Settings/aba/My Documents/2. sem/P2/Fremlæggelse/Fremlæggels
e/input/pics/rubiks-cube.jpg>])
\tf@nav=\write5
\tf@toc=\write6
\tf@snm=\write7

("C:\Documents and Settings\aba\My Documents\2. sem\P2\Fremlæggelse\Fremlæggels
e\Fremlæggelse.aux"
("C:\Documents and Settings\aba\My Documents\2. sem\P2\Fremlæggelse\Fremlæggels
e\input/frontpage.aux")
("C:\Documents and Settings\aba\My Documents\2. sem\P2\Fremlæggelse\Fremlæggels
e\input/introduktion.aux"))

LaTeX Font Warning: Size substitutions with differences
(Font)              up to 1.0pt have occurred.

 ) 
Here is how much of TeX's memory you used:
 13265 strings out of 495285
 247556 string characters out of 3180346
 317058 words of memory out of 3000000
 16058 multiletter control sequences out of 15000+200000
 9955 words of font info for 37 fonts, out of 3000000 for 9000
 14 hyphenation exceptions out of 8191
 48i,15n,66p,511b,564s stack positions out of 5000i,500n,10000p,200000b,50000s
<C:/Program Files/MiKTeX 2.8/fonts/type1/public/amsfonts/cm/cmss10.pfb><C:/Pr
ogram Files/MiKTeX 2.8/fonts/type1/public/amsfonts/cm/cmss12.pfb><C:/Program Fi
les/MiKTeX 2.8/fonts/type1/public/amsfonts/cm/cmss8.pfb><C:/Program Files/MiKTe
X 2.8/fonts/type1/public/amsfonts/symbols/msam10.pfb>
Output written on Fremlæggelse.pdf (3 pages, 91119 bytes).
PDF statistics:
 143 PDF objects out of 1000 (max. 8388607)
 12 named destinations out of 1000 (max. 500000)
 76 words of extra memory for PDF output out of 10000 (max. 10000000)

